This is pdfTeX, Version 3.14159265-2.6-1.40.17 (TeX Live 2016/Debian) (preloaded format=pdflatex 2019.7.8)  16 FEB 2020 13:51
entering extended mode
 restricted \write18 enabled.
 %&-line parsing enabled.
**chapter_3.tex
(./chapter_3.tex
LaTeX2e <2017/01/01> patch level 3
Babel <3.9r> and hyphenation patterns for 83 language(s) loaded.
! Undefined control sequence.
l.1 \section
            {Œ•ŒªŒøœÄŒøŒØŒ∑œÉŒ∑ œÑŒøœÖ \lt Gauss ŒºŒµ Œ£ŒµŒπœÅŒπŒ±Œ∫œå Œ†œÅŒ...
The control sequence at the end of the top line
of your error message was never \def'ed. If you have
misspelled it (e.g., `\hobx'), type `I' and the correct
spelling (e.g., `I\hbox'). Otherwise just continue,
and I'll forget about whatever was undefined.


! LaTeX Error: Missing \begin{document}.

See the LaTeX manual or LaTeX Companion for explanation.
Type  H <return>  for immediate help.
 ...                                              
                                                  
l.1 \section{Œ
              •ŒªŒøœÄŒøŒØŒ∑œÉŒ∑ œÑŒøœÖ \lt Gauss ŒºŒµ Œ£ŒµŒπœÅŒπŒ±Œ∫œå Œ†œÅŒ...

You're in trouble here.  Try typing  <return>  to proceed.
If that doesn't work, type  X <return>  to quit.

Missing character: There is no Œ in font nullfont!
Missing character: There is no • in font nullfont!
Missing character: There is no Œ in font nullfont!
Missing character: There is no ª in font nullfont!
Missing character: There is no Œ in font nullfont!
Missing character: There is no ø in font nullfont!
Missing character: There is no œ in font nullfont!
Missing character: There is no Ä in font nullfont!
Missing character: There is no Œ in font nullfont!
Missing character: There is no ø in font nullfont!
Missing character: There is no Œ in font nullfont!
Missing character: There is no Ø in font nullfont!
Missing character: There is no Œ in font nullfont!
Missing character: There is no ∑ in font nullfont!
Missing character: There is no œ in font nullfont!
Missing character: There is no É in font nullfont!
Missing character: There is no Œ in font nullfont!
Missing character: There is no ∑ in font nullfont!
Missing character: There is no œ in font nullfont!
Missing character: There is no Ñ in font nullfont!
Missing character: There is no Œ in font nullfont!
Missing character: There is no ø in font nullfont!
Missing character: There is no œ in font nullfont!
Missing character: There is no Ö in font nullfont!
! Undefined control sequence.
l.1 \section{Œ•ŒªŒøœÄŒøŒØŒ∑œÉŒ∑ œÑŒøœÖ \lt
                                           Gauss ŒºŒµ Œ£ŒµŒπœÅŒπŒ±Œ∫œå Œ†œÅŒ...
The control sequence at the end of the top line
of your error message was never \def'ed. If you have
misspelled it (e.g., `\hobx'), type `I' and the correct
spelling (e.g., `I\hbox'). Otherwise just continue,
and I'll forget about whatever was undefined.

Missing character: There is no G in font nullfont!
Missing character: There is no a in font nullfont!
Missing character: There is no u in font nullfont!
Missing character: There is no s in font nullfont!
Missing character: There is no s in font nullfont!
Missing character: There is no Œ in font nullfont!
Missing character: There is no º in font nullfont!
Missing character: There is no Œ in font nullfont!
Missing character: There is no µ in font nullfont!
Missing character: There is no Œ in font nullfont!
Missing character: There is no £ in font nullfont!
Missing character: There is no Œ in font nullfont!
Missing character: There is no µ in font nullfont!
Missing character: There is no Œ in font nullfont!
Missing character: There is no π in font nullfont!
Missing character: There is no œ in font nullfont!
Missing character: There is no Å in font nullfont!
Missing character: There is no Œ in font nullfont!
Missing character: There is no π in font nullfont!
Missing character: There is no Œ in font nullfont!
Missing character: There is no ± in font nullfont!
Missing character: There is no Œ in font nullfont!
Missing character: There is no ∫ in font nullfont!
Missing character: There is no œ in font nullfont!
Missing character: There is no å in font nullfont!
Missing character: There is no Œ in font nullfont!
Missing character: There is no † in font nullfont!
Missing character: There is no œ in font nullfont!
Missing character: There is no Å in font nullfont!
Missing character: There is no Œ in font nullfont!
Missing character: There is no ø in font nullfont!
Missing character: There is no Œ in font nullfont!
Missing character: There is no ≥ in font nullfont!
Missing character: There is no œ in font nullfont!
Missing character: There is no Å in font nullfont!
Missing character: There is no Œ in font nullfont!
Missing character: There is no ± in font nullfont!
Missing character: There is no Œ in font nullfont!
Missing character: There is no º in font nullfont!
Missing character: There is no Œ in font nullfont!
Missing character: There is no º in font nullfont!
Missing character: There is no Œ in font nullfont!
Missing character: There is no ± in font nullfont!
Missing character: There is no œ in font nullfont!
Missing character: There is no Ñ in font nullfont!
Missing character: There is no Œ in font nullfont!
Missing character: There is no π in font nullfont!
Missing character: There is no œ in font nullfont!
Missing character: There is no É in font nullfont!
Missing character: There is no Œ in font nullfont!
Missing character: There is no º in font nullfont!
Missing character: There is no œ in font nullfont!
Missing character: There is no å in font nullfont!

Overfull \hbox (20.0pt too wide) in paragraph at lines 1--2
[]
 []

! Undefined control sequence.
l.4 \subsection
               {Œ£ŒµŒπœÅŒπŒ±Œ∫œåœÇ Œ†œÅŒøŒ≥œÅŒ±ŒºŒºŒ±œÑŒπœÉŒºœåœÇ}
The control sequence at the end of the top line
of your error message was never \def'ed. If you have
misspelled it (e.g., `\hobx'), type `I' and the correct
spelling (e.g., `I\hbox'). Otherwise just continue,
and I'll forget about whatever was undefined.


! LaTeX Error: Missing \begin{document}.

See the LaTeX manual or LaTeX Companion for explanation.
Type  H <return>  for immediate help.
 ...                                              
                                                  
l.4 \subsection{Œ
                 £ŒµŒπœÅŒπŒ±Œ∫œåœÇ Œ†œÅŒøŒ≥œÅŒ±ŒºŒºŒ±œÑŒπœÉŒºœåœÇ}
You're in trouble here.  Try typing  <return>  to proceed.
If that doesn't work, type  X <return>  to quit.

Missing character: There is no Œ in font nullfont!
Missing character: There is no £ in font nullfont!
Missing character: There is no Œ in font nullfont!
Missing character: There is no µ in font nullfont!
Missing character: There is no Œ in font nullfont!
Missing character: There is no π in font nullfont!
Missing character: There is no œ in font nullfont!
Missing character: There is no Å in font nullfont!
Missing character: There is no Œ in font nullfont!
Missing character: There is no π in font nullfont!
Missing character: There is no Œ in font nullfont!
Missing character: There is no ± in font nullfont!
Missing character: There is no Œ in font nullfont!
Missing character: There is no ∫ in font nullfont!
Missing character: There is no œ in font nullfont!
Missing character: There is no å in font nullfont!
Missing character: There is no œ in font nullfont!
Missing character: There is no Ç in font nullfont!
Missing character: There is no Œ in font nullfont!
Missing character: There is no † in font nullfont!
Missing character: There is no œ in font nullfont!
Missing character: There is no Å in font nullfont!
Missing character: There is no Œ in font nullfont!
Missing character: There is no ø in font nullfont!
Missing character: There is no Œ in font nullfont!
Missing character: There is no ≥ in font nullfont!
Missing character: There is no œ in font nullfont!
Missing character: There is no Å in font nullfont!
Missing character: There is no Œ in font nullfont!
Missing character: There is no ± in font nullfont!
Missing character: There is no Œ in font nullfont!
Missing character: There is no º in font nullfont!
Missing character: There is no Œ in font nullfont!
Missing character: There is no º in font nullfont!
Missing character: There is no Œ in font nullfont!
Missing character: There is no ± in font nullfont!
Missing character: There is no œ in font nullfont!
Missing character: There is no Ñ in font nullfont!
Missing character: There is no Œ in font nullfont!
Missing character: There is no π in font nullfont!
Missing character: There is no œ in font nullfont!
Missing character: There is no É in font nullfont!
Missing character: There is no Œ in font nullfont!
Missing character: There is no º in font nullfont!
Missing character: There is no œ in font nullfont!
Missing character: There is no å in font nullfont!
Missing character: There is no œ in font nullfont!
Missing character: There is no Ç in font nullfont!
Missing character: There is no Œ in font nullfont!
Missing character: There is no £ in font nullfont!
Missing character: There is no Œ in font nullfont!
Missing character: There is no µ in font nullfont!
Missing character: There is no Œ in font nullfont!
Missing character: There is no ≠ in font nullfont!
Missing character: There is no Œ in font nullfont!
Missing character: There is no Ω in font nullfont!
Missing character: There is no Œ in font nullfont!
Missing character: There is no ± in font nullfont!
Missing character: There is no œ in font nullfont!
Missing character: There is no É in font nullfont!
Missing character: There is no Œ in font nullfont!
Missing character: There is no µ in font nullfont!
Missing character: There is no Œ in font nullfont!
Missing character: There is no π in font nullfont!
Missing character: There is no œ in font nullfont!
Missing character: There is no Å in font nullfont!
Missing character: There is no Œ in font nullfont!
Missing character: There is no π in font nullfont!
Missing character: There is no Œ in font nullfont!
Missing character: There is no ± in font nullfont!
Missing character: There is no Œ in font nullfont!
Missing character: There is no ∫ in font nullfont!
Missing character: There is no œ in font nullfont!
Missing character: There is no å in font nullfont!
Missing character: There is no œ in font nullfont!
Missing character: There is no Ä in font nullfont!
Missing character: There is no œ in font nullfont!
Missing character: There is no Å in font nullfont!
Missing character: There is no œ in font nullfont!
Missing character: There is no å in font nullfont!
Missing character: There is no Œ in font nullfont!
Missing character: There is no ≥ in font nullfont!
Missing character: There is no œ in font nullfont!
Missing character: There is no Å in font nullfont!
Missing character: There is no Œ in font nullfont!
Missing character: There is no ± in font nullfont!
Missing character: There is no Œ in font nullfont!
Missing character: There is no º in font nullfont!
Missing character: There is no Œ in font nullfont!
Missing character: There is no º in font nullfont!
Missing character: There is no Œ in font nullfont!
Missing character: There is no ± in font nullfont!
Missing character: There is no Œ in font nullfont!
Missing character: There is no ø in font nullfont!
Missing character: There is no œ in font nullfont!
Missing character: There is no Ö in font nullfont!
Missing character: There is no œ in font nullfont!
Missing character: There is no Ä in font nullfont!
Missing character: There is no Œ in font nullfont!
Missing character: There is no ø in font nullfont!
Missing character: There is no Œ in font nullfont!
Missing character: There is no ª in font nullfont!
Missing character: There is no Œ in font nullfont!
Missing character: There is no ø in font nullfont!
Missing character: There is no Œ in font nullfont!
Missing character: There is no ≥ in font nullfont!
Missing character: There is no Œ in font nullfont!
Missing character: There is no π in font nullfont!
Missing character: There is no œ in font nullfont!
Missing character: There is no É in font nullfont!
Missing character: There is no œ in font nullfont!
Missing character: There is no Ñ in font nullfont!
Missing character: There is no Œ in font nullfont!
Missing character: There is no Æ in font nullfont!
Missing character: There is no œ in font nullfont!
Missing character: There is no Ç in font nullfont!
Missing character: There is no Œ in font nullfont!
Missing character: There is no µ in font nullfont!
Missing character: There is no Œ in font nullfont!
Missing character: There is no ∫ in font nullfont!
Missing character: There is no œ in font nullfont!
Missing character: There is no Ñ in font nullfont!
Missing character: There is no Œ in font nullfont!
Missing character: There is no µ in font nullfont!
Missing character: There is no Œ in font nullfont!
Missing character: There is no ª in font nullfont!
Missing character: There is no Œ in font nullfont!
Missing character: There is no µ in font nullfont!
Missing character: There is no Œ in font nullfont!
Missing character: There is no Ø in font nullfont!
Missing character: There is no œ in font nullfont!
Missing character: There is no Ñ in font nullfont!
Missing character: There is no Œ in font nullfont!
Missing character: There is no π in font nullfont!
Missing character: There is no œ in font nullfont!
Missing character: There is no Ç in font nullfont!
Missing character: There is no Œ in font nullfont!
Missing character: There is no µ in font nullfont!
Missing character: There is no Œ in font nullfont!
Missing character: There is no Ω in font nullfont!
Missing character: There is no œ in font nullfont!
Missing character: There is no Ñ in font nullfont!
Missing character: There is no Œ in font nullfont!
Missing character: There is no ø in font nullfont!
Missing character: There is no Œ in font nullfont!
Missing character: There is no ª in font nullfont!
Missing character: There is no Œ in font nullfont!
Missing character: There is no ≠ in font nullfont!
Missing character: There is no œ in font nullfont!
Missing character: There is no Ç in font nullfont!
Missing character: There is no œ in font nullfont!
Missing character: There is no Ñ in font nullfont!
Missing character: There is no Œ in font nullfont!
Missing character: There is no ø in font nullfont!
Missing character: There is no œ in font nullfont!
Missing character: There is no Ö in font nullfont!
Missing character: There is no , in font nullfont!
Missing character: There is no œ in font nullfont!
Missing character: There is no Ñ in font nullfont!
Missing character: There is no Œ in font nullfont!
Missing character: There is no ∑ in font nullfont!
Missing character: There is no Œ in font nullfont!
Missing character: There is no º in font nullfont!
Missing character: There is no Œ in font nullfont!
Missing character: There is no Ø in font nullfont!
Missing character: There is no Œ in font nullfont!
Missing character: There is no ± in font nullfont!
Missing character: There is no œ in font nullfont!
Missing character: There is no Ä in font nullfont!
Missing character: There is no Œ in font nullfont!
Missing character: There is no Ø in font nullfont!
Missing character: There is no œ in font nullfont!
Missing character: There is no É in font nullfont!
Missing character: There is no œ in font nullfont!
Missing character: There is no â in font nullfont!
Missing character: There is no Œ in font nullfont!
Missing character: There is no ± in font nullfont!
Missing character: There is no œ in font nullfont!
Missing character: There is no Ä in font nullfont!
Missing character: There is no œ in font nullfont!
Missing character: There is no å in font nullfont!
Missing character: There is no œ in font nullfont!
Missing character: There is no Ñ in font nullfont!
Missing character: There is no Œ in font nullfont!
Missing character: There is no ∑ in font nullfont!
Missing character: There is no Œ in font nullfont!
Missing character: There is no Ω in font nullfont!
Missing character: There is no Œ in font nullfont!
Missing character: There is no ¨ in font nullfont!
Missing character: There is no Œ in font nullfont!
Missing character: There is no ª in font nullfont!
Missing character: There is no Œ in font nullfont!
Missing character: There is no ª in font nullfont!
Missing character: There is no Œ in font nullfont!
Missing character: There is no ∑ in font nullfont!
Missing character: There is no , in font nullfont!

Overfull \hbox (20.0pt too wide) in paragraph at lines 4--6
[]
 []

! Undefined control sequence.
l.9 \subsection
               {ŒìŒªœéœÉœÉŒ± {\lt C}}
The control sequence at the end of the top line
of your error message was never \def'ed. If you have
misspelled it (e.g., `\hobx'), type `I' and the correct
spelling (e.g., `I\hbox'). Otherwise just continue,
and I'll forget about whatever was undefined.


! LaTeX Error: Missing \begin{document}.

See the LaTeX manual or LaTeX Companion for explanation.
Type  H <return>  for immediate help.
 ...                                              
                                                  
l.9 \subsection{Œ
                 ìŒªœéœÉœÉŒ± {\lt C}}
You're in trouble here.  Try typing  <return>  to proceed.
If that doesn't work, type  X <return>  to quit.

Missing character: There is no Œ in font nullfont!
Missing character: There is no ì in font nullfont!
Missing character: There is no Œ in font nullfont!
Missing character: There is no ª in font nullfont!
Missing character: There is no œ in font nullfont!
Missing character: There is no é in font nullfont!
Missing character: There is no œ in font nullfont!
Missing character: There is no É in font nullfont!
Missing character: There is no œ in font nullfont!
Missing character: There is no É in font nullfont!
Missing character: There is no Œ in font nullfont!
Missing character: There is no ± in font nullfont!
! Undefined control sequence.
l.9 \subsection{ŒìŒªœéœÉœÉŒ± {\lt
                                  C}}
The control sequence at the end of the top line
of your error message was never \def'ed. If you have
misspelled it (e.g., `\hobx'), type `I' and the correct
spelling (e.g., `I\hbox'). Otherwise just continue,
and I'll forget about whatever was undefined.

Missing character: There is no C in font nullfont!

Overfull \hbox (20.0pt too wide) in paragraph at lines 9--10
[]
 []


! LaTeX Error: Missing \begin{document}.

See the LaTeX manual or LaTeX Companion for explanation.
Type  H <return>  for immediate help.
 ...                                              
                                                  
l.11 Œ
      ó Œ≥ŒªœéœÉœÉŒ± {\lt C} ŒµœÄŒπŒΩŒøŒÆŒ∏Œ∑Œ∫Œµ œÑŒø 1972 Œ±œÄœå œÑŒøŒΩ {\...

You're in trouble here.  Try typing  <return>  to proceed.
If that doesn't work, type  X <return>  to quit.

Missing character: There is no Œ in font nullfont!
Missing character: There is no ó in font nullfont!
Missing character: There is no Œ in font nullfont!
Missing character: There is no ≥ in font nullfont!
Missing character: There is no Œ in font nullfont!
Missing character: There is no ª in font nullfont!
Missing character: There is no œ in font nullfont!
Missing character: There is no é in font nullfont!
Missing character: There is no œ in font nullfont!
Missing character: There is no É in font nullfont!
Missing character: There is no œ in font nullfont!
Missing character: There is no É in font nullfont!
Missing character: There is no Œ in font nullfont!
Missing character: There is no ± in font nullfont!
! Undefined control sequence.
l.11 Œó Œ≥ŒªœéœÉœÉŒ± {\lt
                          C} ŒµœÄŒπŒΩŒøŒÆŒ∏Œ∑Œ∫Œµ œÑŒø 1972 Œ±œÄœå œÑŒøŒΩ {\...
The control sequence at the end of the top line
of your error message was never \def'ed. If you have
misspelled it (e.g., `\hobx'), type `I' and the correct
spelling (e.g., `I\hbox'). Otherwise just continue,
and I'll forget about whatever was undefined.

Missing character: There is no C in font nullfont!
Missing character: There is no Œ in font nullfont!
Missing character: There is no µ in font nullfont!
Missing character: There is no œ in font nullfont!
Missing character: There is no Ä in font nullfont!
Missing character: There is no Œ in font nullfont!
Missing character: There is no π in font nullfont!
Missing character: There is no Œ in font nullfont!
Missing character: There is no Ω in font nullfont!
Missing character: There is no Œ in font nullfont!
Missing character: There is no ø in font nullfont!
Missing character: There is no Œ in font nullfont!
Missing character: There is no Æ in font nullfont!
Missing character: There is no Œ in font nullfont!
Missing character: There is no ∏ in font nullfont!
Missing character: There is no Œ in font nullfont!
Missing character: There is no ∑ in font nullfont!
Missing character: There is no Œ in font nullfont!
Missing character: There is no ∫ in font nullfont!
Missing character: There is no Œ in font nullfont!
Missing character: There is no µ in font nullfont!
Missing character: There is no œ in font nullfont!
Missing character: There is no Ñ in font nullfont!
Missing character: There is no Œ in font nullfont!
Missing character: There is no ø in font nullfont!
Missing character: There is no 1 in font nullfont!
Missing character: There is no 9 in font nullfont!
Missing character: There is no 7 in font nullfont!
Missing character: There is no 2 in font nullfont!
Missing character: There is no Œ in font nullfont!
Missing character: There is no ± in font nullfont!
Missing character: There is no œ in font nullfont!
Missing character: There is no Ä in font nullfont!
Missing character: There is no œ in font nullfont!
Missing character: There is no å in font nullfont!
Missing character: There is no œ in font nullfont!
Missing character: There is no Ñ in font nullfont!
Missing character: There is no Œ in font nullfont!
Missing character: There is no ø in font nullfont!
Missing character: There is no Œ in font nullfont!
Missing character: There is no Ω in font nullfont!
! Undefined control sequence.
l.11 ...ΩŒøŒÆŒ∏Œ∑Œ∫Œµ œÑŒø 1972 Œ±œÄœå œÑŒøŒΩ {\lt
                                                   Dennis Ritchie} œÉœÑŒ± Œµ...
The control sequence at the end of the top line
of your error message was never \def'ed. If you have
misspelled it (e.g., `\hobx'), type `I' and the correct
spelling (e.g., `I\hbox'). Otherwise just continue,
and I'll forget about whatever was undefined.

Missing character: There is no D in font nullfont!
Missing character: There is no e in font nullfont!
Missing character: There is no n in font nullfont!
Missing character: There is no n in font nullfont!
Missing character: There is no i in font nullfont!
Missing character: There is no s in font nullfont!
Missing character: There is no R in font nullfont!
Missing character: There is no i in font nullfont!
Missing character: There is no t in font nullfont!
Missing character: There is no c in font nullfont!
Missing character: There is no h in font nullfont!
Missing character: There is no i in font nullfont!
Missing character: There is no e in font nullfont!
Missing character: There is no œ in font nullfont!
Missing character: There is no É in font nullfont!
Missing character: There is no œ in font nullfont!
Missing character: There is no Ñ in font nullfont!
Missing character: There is no Œ in font nullfont!
Missing character: There is no ± in font nullfont!
Missing character: There is no Œ in font nullfont!
Missing character: There is no µ in font nullfont!
Missing character: There is no œ in font nullfont!
Missing character: There is no Å in font nullfont!
Missing character: There is no Œ in font nullfont!
Missing character: There is no ≥ in font nullfont!
Missing character: There is no Œ in font nullfont!
Missing character: There is no ± in font nullfont!
Missing character: There is no œ in font nullfont!
Missing character: There is no É in font nullfont!
Missing character: There is no œ in font nullfont!
Missing character: There is no Ñ in font nullfont!
Missing character: There is no Œ in font nullfont!
Missing character: There is no Æ in font nullfont!
Missing character: There is no œ in font nullfont!
Missing character: There is no Å in font nullfont!
Missing character: There is no Œ in font nullfont!
Missing character: There is no π in font nullfont!
Missing character: There is no Œ in font nullfont!
Missing character: There is no ± in font nullfont!
! Undefined control sequence.
l.11 ... Ritchie} œÉœÑŒ± ŒµœÅŒ≥Œ±œÉœÑŒÆœÅŒπŒ± {\lt
                                                   Bell}. ŒîŒ∑ŒºŒπŒøœÖœÅŒ≥ŒÆ...
The control sequence at the end of the top line
of your error message was never \def'ed. If you have
misspelled it (e.g., `\hobx'), type `I' and the correct
spelling (e.g., `I\hbox'). Otherwise just continue,
and I'll forget about whatever was undefined.

Missing character: There is no B in font nullfont!
Missing character: There is no e in font nullfont!
Missing character: There is no l in font nullfont!
Missing character: There is no l in font nullfont!
Missing character: There is no . in font nullfont!
Missing character: There is no Œ in font nullfont!
Missing character: There is no î in font nullfont!
Missing character: There is no Œ in font nullfont!
Missing character: There is no ∑ in font nullfont!
Missing character: There is no Œ in font nullfont!
Missing character: There is no º in font nullfont!
Missing character: There is no Œ in font nullfont!
Missing character: There is no π in font nullfont!
Missing character: There is no Œ in font nullfont!
Missing character: There is no ø in font nullfont!
Missing character: There is no œ in font nullfont!
Missing character: There is no Ö in font nullfont!
Missing character: There is no œ in font nullfont!
Missing character: There is no Å in font nullfont!
Missing character: There is no Œ in font nullfont!
Missing character: There is no ≥ in font nullfont!
Missing character: There is no Œ in font nullfont!
Missing character: There is no Æ in font nullfont!
Missing character: There is no Œ in font nullfont!
Missing character: There is no ∏ in font nullfont!
Missing character: There is no Œ in font nullfont!
Missing character: There is no ∑ in font nullfont!
Missing character: There is no Œ in font nullfont!
Missing character: There is no ∫ in font nullfont!
Missing character: There is no Œ in font nullfont!
Missing character: There is no µ in font nullfont!
Missing character: There is no Œ in font nullfont!
Missing character: There is no ≥ in font nullfont!
Missing character: There is no Œ in font nullfont!
Missing character: There is no π in font nullfont!
Missing character: There is no Œ in font nullfont!
Missing character: There is no ± in font nullfont!
Missing character: There is no Œ in font nullfont!
Missing character: There is no Ω in font nullfont!
Missing character: There is no Œ in font nullfont!
Missing character: There is no ± in font nullfont!
Missing character: There is no Œ in font nullfont!
Missing character: There is no µ in font nullfont!
Missing character: There is no Œ in font nullfont!
Missing character: There is no æ in font nullfont!
Missing character: There is no œ in font nullfont!
Missing character: There is no Ö in font nullfont!
Missing character: There is no œ in font nullfont!
Missing character: There is no Ä in font nullfont!
Missing character: There is no Œ in font nullfont!
Missing character: There is no ∑ in font nullfont!
Missing character: There is no œ in font nullfont!
Missing character: There is no Å in font nullfont!
Missing character: There is no Œ in font nullfont!
Missing character: There is no µ in font nullfont!
Missing character: There is no œ in font nullfont!
Missing character: There is no Ñ in font nullfont!
Missing character: There is no Œ in font nullfont!
Missing character: There is no Æ in font nullfont!
Missing character: There is no œ in font nullfont!
Missing character: There is no É in font nullfont!
Missing character: There is no Œ in font nullfont!
Missing character: There is no µ in font nullfont!
Missing character: There is no Œ in font nullfont!
Missing character: There is no π in font nullfont!
Missing character: There is no œ in font nullfont!
Missing character: There is no Ñ in font nullfont!
Missing character: There is no Œ in font nullfont!
Missing character: There is no ø in font nullfont!
Missing character: There is no Œ in font nullfont!
Missing character: There is no ª in font nullfont!
Missing character: There is no Œ in font nullfont!
Missing character: There is no µ in font nullfont!
Missing character: There is no Œ in font nullfont!
Missing character: There is no π in font nullfont!
Missing character: There is no œ in font nullfont!
Missing character: There is no Ñ in font nullfont!
Missing character: There is no Œ in font nullfont!
Missing character: There is no ø in font nullfont!
Missing character: There is no œ in font nullfont!
Missing character: There is no Ö in font nullfont!
Missing character: There is no œ in font nullfont!
Missing character: There is no Å in font nullfont!
Missing character: There is no Œ in font nullfont!
Missing character: There is no ≥ in font nullfont!
Missing character: There is no Œ in font nullfont!
Missing character: There is no π in font nullfont!
Missing character: There is no Œ in font nullfont!
Missing character: There is no ∫ in font nullfont!
Missing character: There is no œ in font nullfont!
Missing character: There is no å in font nullfont!
Missing character: There is no œ in font nullfont!
Missing character: There is no É in font nullfont!
Missing character: There is no œ in font nullfont!
Missing character: There is no ç in font nullfont!
Missing character: There is no œ in font nullfont!
Missing character: There is no É in font nullfont!
Missing character: There is no œ in font nullfont!
Missing character: There is no Ñ in font nullfont!
Missing character: There is no Œ in font nullfont!
Missing character: There is no ∑ in font nullfont!
Missing character: There is no Œ in font nullfont!
Missing character: There is no º in font nullfont!
Missing character: There is no Œ in font nullfont!
Missing character: There is no ± in font nullfont!
! Undefined control sequence.
l.11 ...ŒªŒµŒπœÑŒøœÖœÅŒ≥ŒπŒ∫œå œÉœçœÉœÑŒ∑ŒºŒ± {\lt
                                                   Unix}, œÑŒø ŒøœÄŒøŒØŒø Œ≠...
The control sequence at the end of the top line
of your error message was never \def'ed. If you have
misspelled it (e.g., `\hobx'), type `I' and the correct
spelling (e.g., `I\hbox'). Otherwise just continue,
and I'll forget about whatever was undefined.

Missing character: There is no U in font nullfont!
Missing character: There is no n in font nullfont!
Missing character: There is no i in font nullfont!
Missing character: There is no x in font nullfont!
Missing character: There is no , in font nullfont!
Missing character: There is no œ in font nullfont!
Missing character: There is no Ñ in font nullfont!
Missing character: There is no Œ in font nullfont!
Missing character: There is no ø in font nullfont!
Missing character: There is no Œ in font nullfont!
Missing character: There is no ø in font nullfont!
Missing character: There is no œ in font nullfont!
Missing character: There is no Ä in font nullfont!
Missing character: There is no Œ in font nullfont!
Missing character: There is no ø in font nullfont!
Missing character: There is no Œ in font nullfont!
Missing character: There is no Ø in font nullfont!
Missing character: There is no Œ in font nullfont!
Missing character: There is no ø in font nullfont!
Missing character: There is no Œ in font nullfont!
Missing character: There is no ≠ in font nullfont!
Missing character: There is no œ in font nullfont!
Missing character: There is no â in font nullfont!
Missing character: There is no œ in font nullfont!
Missing character: There is no Ç in font nullfont!
Missing character: There is no œ in font nullfont!
Missing character: There is no Ñ in font nullfont!
Missing character: There is no œ in font nullfont!
Missing character: There is no å in font nullfont!
Missing character: There is no œ in font nullfont!
Missing character: There is no Ñ in font nullfont!
Missing character: There is no Œ in font nullfont!
Missing character: There is no µ in font nullfont!
Missing character: There is no Œ in font nullfont!
Missing character: There is no Æ in font nullfont!
Missing character: There is no œ in font nullfont!
Missing character: There is no Ñ in font nullfont!
Missing character: There is no Œ in font nullfont!
Missing character: There is no ± in font nullfont!
Missing character: There is no Œ in font nullfont!
Missing character: There is no Ω in font nullfont!
Missing character: There is no Œ in font nullfont!
Missing character: There is no ≥ in font nullfont!
Missing character: There is no œ in font nullfont!
Missing character: There is no Å in font nullfont!
Missing character: There is no Œ in font nullfont!
Missing character: There is no ± in font nullfont!
Missing character: There is no Œ in font nullfont!
Missing character: There is no º in font nullfont!
Missing character: There is no Œ in font nullfont!
Missing character: There is no º in font nullfont!
Missing character: There is no Œ in font nullfont!
Missing character: There is no ≠ in font nullfont!
Missing character: There is no Œ in font nullfont!
Missing character: There is no Ω in font nullfont!
Missing character: There is no Œ in font nullfont!
Missing character: There is no ø in font nullfont!
Missing character: There is no œ in font nullfont!
Missing character: There is no É in font nullfont!
Missing character: There is no Œ in font nullfont!
Missing character: There is no µ in font nullfont!
! Undefined control sequence.
l.11 ...œåœÑŒµ ŒÆœÑŒ±ŒΩ Œ≥œÅŒ±ŒºŒºŒ≠ŒΩŒø œÉŒµ {\lt
                                                   assembly} \cite{GlwssaC}.
The control sequence at the end of the top line
of your error message was never \def'ed. If you have
misspelled it (e.g., `\hobx'), type `I' and the correct
spelling (e.g., `I\hbox'). Otherwise just continue,
and I'll forget about whatever was undefined.

Missing character: There is no a in font nullfont!
Missing character: There is no s in font nullfont!
Missing character: There is no s in font nullfont!
Missing character: There is no e in font nullfont!
Missing character: There is no m in font nullfont!
Missing character: There is no b in font nullfont!
Missing character: There is no l in font nullfont!
Missing character: There is no y in font nullfont!
Missing character: There is no [ in font nullfont!
\citation{GlwssaC}
! Undefined control sequence.
<write> ...: Citation `\@citeb ' on page \thepage 
                                                  \space undefined\on@line .
l.11 ...ºŒ≠ŒΩŒø œÉŒµ {\lt assembly} \cite{GlwssaC}
                                                  .
The control sequence at the end of the top line
of your error message was never \def'ed. If you have
misspelled it (e.g., `\hobx'), type `I' and the correct
spelling (e.g., `I\hbox'). Otherwise just continue,
and I'll forget about whatever was undefined.


LaTeX Warning: Citation `GlwssaC' on page  undefined on input line 11.

Missing character: There is no ] in font nullfont!
Missing character: There is no . in font nullfont!

Overfull \hbox (20.0pt too wide) in paragraph at lines 11--12
[]
 []


Overfull \hbox (5.43053pt too wide) in paragraph at lines 11--12
[] 
 []


! LaTeX Error: Environment algorithm undefined.

See the LaTeX manual or LaTeX Companion for explanation.
Type  H <return>  for immediate help.
 ...                                              
                                                  
l.13 \begin{algorithm}
                      [H]
Your command was ignored.
Type  I <command> <return>  to replace it with another command,
or  <return>  to continue without it.


! LaTeX Error: Missing \begin{document}.

See the LaTeX manual or LaTeX Companion for explanation.
Type  H <return>  for immediate help.
 ...                                              
                                                  
l.13 \begin{algorithm}[
                       H]
You're in trouble here.  Try typing  <return>  to proceed.
If that doesn't work, type  X <return>  to quit.

Missing character: There is no [ in font nullfont!
Missing character: There is no H in font nullfont!
Missing character: There is no ] in font nullfont!
! Undefined control sequence.
l.14  \footnotesize
                    {
The control sequence at the end of the top line
of your error message was never \def'ed. If you have
misspelled it (e.g., `\hobx'), type `I' and the correct
spelling (e.g., `I\hbox'). Otherwise just continue,
and I'll forget about whatever was undefined.


! LaTeX Error: Environment algor undefined.

See the LaTeX manual or LaTeX Companion for explanation.
Type  H <return>  for immediate help.
 ...                                              
                                                  
l.15 \begin{algor}
                   : {Œ†ŒøŒªŒªŒ±œÄŒªŒ±œÉŒπŒ±œÉŒºœåœÇ œÑŒøœÖ \lt{Karatsuba}}\\
Your command was ignored.
Type  I <command> <return>  to replace it with another command,
or  <return>  to continue without it.

Missing character: There is no : in font nullfont!
Missing character: There is no Œ in font nullfont!
Missing character: There is no † in font nullfont!
Missing character: There is no Œ in font nullfont!
Missing character: There is no ø in font nullfont!
Missing character: There is no Œ in font nullfont!
Missing character: There is no ª in font nullfont!
Missing character: There is no Œ in font nullfont!
Missing character: There is no ª in font nullfont!
Missing character: There is no Œ in font nullfont!
Missing character: There is no ± in font nullfont!
Missing character: There is no œ in font nullfont!
Missing character: There is no Ä in font nullfont!
Missing character: There is no Œ in font nullfont!
Missing character: There is no ª in font nullfont!
Missing character: There is no Œ in font nullfont!
Missing character: There is no ± in font nullfont!
Missing character: There is no œ in font nullfont!
Missing character: There is no É in font nullfont!
Missing character: There is no Œ in font nullfont!
Missing character: There is no π in font nullfont!
Missing character: There is no Œ in font nullfont!
Missing character: There is no ± in font nullfont!
Missing character: There is no œ in font nullfont!
Missing character: There is no É in font nullfont!
Missing character: There is no Œ in font nullfont!
Missing character: There is no º in font nullfont!
Missing character: There is no œ in font nullfont!
Missing character: There is no å in font nullfont!
Missing character: There is no œ in font nullfont!
Missing character: There is no Ç in font nullfont!
Missing character: There is no œ in font nullfont!
Missing character: There is no Ñ in font nullfont!
Missing character: There is no Œ in font nullfont!
Missing character: There is no ø in font nullfont!
Missing character: There is no œ in font nullfont!
Missing character: There is no Ö in font nullfont!
! Undefined control sequence.
l.15 ...{Œ†ŒøŒªŒªŒ±œÄŒªŒ±œÉŒπŒ±œÉŒºœåœÇ œÑŒøœÖ \lt
                                                  {Karatsuba}}\\
The control sequence at the end of the top line
of your error message was never \def'ed. If you have
misspelled it (e.g., `\hobx'), type `I' and the correct
spelling (e.g., `I\hbox'). Otherwise just continue,
and I'll forget about whatever was undefined.

Missing character: There is no K in font nullfont!
Missing character: There is no a in font nullfont!
Missing character: There is no r in font nullfont!
Missing character: There is no a in font nullfont!
Missing character: There is no t in font nullfont!
Missing character: There is no s in font nullfont!
Missing character: There is no u in font nullfont!
Missing character: There is no b in font nullfont!
Missing character: There is no a in font nullfont!
! Undefined control sequence.
l.16 {\bf
          ŒïŒØœÉŒøŒ¥ŒøœÇ.} $a,b$ Œ±Œ∫Œ≠œÅŒ±ŒπŒøŒπ\\
The control sequence at the end of the top line
of your error message was never \def'ed. If you have
misspelled it (e.g., `\hobx'), type `I' and the correct
spelling (e.g., `I\hbox'). Otherwise just continue,
and I'll forget about whatever was undefined.

Missing character: There is no Œ in font nullfont!
Missing character: There is no ï in font nullfont!
Missing character: There is no Œ in font nullfont!
Missing character: There is no Ø in font nullfont!
Missing character: There is no œ in font nullfont!
Missing character: There is no É in font nullfont!
Missing character: There is no Œ in font nullfont!
Missing character: There is no ø in font nullfont!
Missing character: There is no Œ in font nullfont!
Missing character: There is no ¥ in font nullfont!
Missing character: There is no Œ in font nullfont!
Missing character: There is no ø in font nullfont!
Missing character: There is no œ in font nullfont!
Missing character: There is no Ç in font nullfont!
Missing character: There is no . in font nullfont!
LaTeX Font Info:    External font `cmex10' loaded for size
(Font)              <7> on input line 16.
LaTeX Font Info:    External font `cmex10' loaded for size
(Font)              <5> on input line 16.
Missing character: There is no Œ in font nullfont!
Missing character: There is no ± in font nullfont!
Missing character: There is no Œ in font nullfont!
Missing character: There is no ∫ in font nullfont!
Missing character: There is no Œ in font nullfont!
Missing character: There is no ≠ in font nullfont!
Missing character: There is no œ in font nullfont!
Missing character: There is no Å in font nullfont!
Missing character: There is no Œ in font nullfont!
Missing character: There is no ± in font nullfont!
Missing character: There is no Œ in font nullfont!
Missing character: There is no π in font nullfont!
Missing character: There is no Œ in font nullfont!
Missing character: There is no ø in font nullfont!
Missing character: There is no Œ in font nullfont!
Missing character: There is no π in font nullfont!
! Undefined control sequence.
l.17 {\bf
          ŒàŒæŒøŒ¥ŒøœÇ.} $a\cdot b$
The control sequence at the end of the top line
of your error message was never \def'ed. If you have
misspelled it (e.g., `\hobx'), type `I' and the correct
spelling (e.g., `I\hbox'). Otherwise just continue,
and I'll forget about whatever was undefined.

Missing character: There is no Œ in font nullfont!
Missing character: There is no à in font nullfont!
Missing character: There is no Œ in font nullfont!
Missing character: There is no æ in font nullfont!
Missing character: There is no Œ in font nullfont!
Missing character: There is no ø in font nullfont!
Missing character: There is no Œ in font nullfont!
Missing character: There is no ¥ in font nullfont!
Missing character: There is no Œ in font nullfont!
Missing character: There is no ø in font nullfont!
Missing character: There is no œ in font nullfont!
Missing character: There is no Ç in font nullfont!
Missing character: There is no . in font nullfont!

! LaTeX Error: \begin{document} ended by \end{algor}.

See the LaTeX manual or LaTeX Companion for explanation.
Type  H <return>  for immediate help.
 ...                                              
                                                  
l.18 \end{algor}
                
Your command was ignored.
Type  I <command> <return>  to replace it with another command,
or  <return>  to continue without it.

! Undefined control sequence.
l.19 {\lt
         {
The control sequence at the end of the top line
of your error message was never \def'ed. If you have
misspelled it (e.g., `\hobx'), type `I' and the correct
spelling (e.g., `I\hbox'). Otherwise just continue,
and I'll forget about whatever was undefined.

! Undefined control sequence.
l.20  \SetAlgoLined
                   
The control sequence at the end of the top line
of your error message was never \def'ed. If you have
misspelled it (e.g., `\hobx'), type `I' and the correct
spelling (e.g., `I\hbox'). Otherwise just continue,
and I'll forget about whatever was undefined.

! Undefined control sequence.
l.21 \nl
         def karatsuba(a, b)\\
The control sequence at the end of the top line
of your error message was never \def'ed. If you have
misspelled it (e.g., `\hobx'), type `I' and the correct
spelling (e.g., `I\hbox'). Otherwise just continue,
and I'll forget about whatever was undefined.

Missing character: There is no d in font nullfont!
Missing character: There is no e in font nullfont!
Missing character: There is no f in font nullfont!
Missing character: There is no k in font nullfont!
Missing character: There is no a in font nullfont!
Missing character: There is no r in font nullfont!
Missing character: There is no a in font nullfont!
Missing character: There is no t in font nullfont!
Missing character: There is no s in font nullfont!
Missing character: There is no u in font nullfont!
Missing character: There is no b in font nullfont!
Missing character: There is no a in font nullfont!
Missing character: There is no ( in font nullfont!
Missing character: There is no a in font nullfont!
Missing character: There is no , in font nullfont!
Missing character: There is no b in font nullfont!
Missing character: There is no ) in font nullfont!
! Undefined control sequence.
<recently read> \nl 
                    
l.22 \nl
        \ \If {$a<100$ or $b<100$}{
The control sequence at the end of the top line
of your error message was never \def'ed. If you have
misspelled it (e.g., `\hobx'), type `I' and the correct
spelling (e.g., `I\hbox'). Otherwise just continue,
and I'll forget about whatever was undefined.

! Undefined control sequence.
l.22 \nl\ \If
              {$a<100$ or $b<100$}{
The control sequence at the end of the top line
of your error message was never \def'ed. If you have
misspelled it (e.g., `\hobx'), type `I' and the correct
spelling (e.g., `I\hbox'). Otherwise just continue,
and I'll forget about whatever was undefined.

Missing character: There is no o in font nullfont!
Missing character: There is no r in font nullfont!
Missing character: There is no r in font nullfont!
Missing character: There is no e in font nullfont!
Missing character: There is no t in font nullfont!
Missing character: There is no u in font nullfont!
Missing character: There is no r in font nullfont!
Missing character: There is no n in font nullfont!
! Undefined control sequence.
l.25 \nl
        \ $m=\max(\log_{10}(a),\log_{10}(b))$\\
The control sequence at the end of the top line
of your error message was never \def'ed. If you have
misspelled it (e.g., `\hobx'), type `I' and the correct
spelling (e.g., `I\hbox'). Otherwise just continue,
and I'll forget about whatever was undefined.

! Undefined control sequence.
<recently read> \nl 
                    
l.26 \nl
        \ $m_2=floor(m/2)$\\
The control sequence at the end of the top line
of your error message was never \def'ed. If you have
misspelled it (e.g., `\hobx'), type `I' and the correct
spelling (e.g., `I\hbox'). Otherwise just continue,
and I'll forget about whatever was undefined.

! Undefined control sequence.
<recently read> \nl 
                    
l.27 \nl
        \  $high(a)$ = take the first $m_2$ decimal digits of $a$\\
The control sequence at the end of the top line
of your error message was never \def'ed. If you have
misspelled it (e.g., `\hobx'), type `I' and the correct
spelling (e.g., `I\hbox'). Otherwise just continue,
and I'll forget about whatever was undefined.

Missing character: There is no = in font nullfont!
Missing character: There is no t in font nullfont!
Missing character: There is no a in font nullfont!
Missing character: There is no k in font nullfont!
Missing character: There is no e in font nullfont!
Missing character: There is no t in font nullfont!
Missing character: There is no h in font nullfont!
Missing character: There is no e in font nullfont!
Missing character: There is no f in font nullfont!
Missing character: There is no i in font nullfont!
Missing character: There is no r in font nullfont!
Missing character: There is no s in font nullfont!
Missing character: There is no t in font nullfont!
Missing character: There is no d in font nullfont!
Missing character: There is no e in font nullfont!
Missing character: There is no c in font nullfont!
Missing character: There is no i in font nullfont!
Missing character: There is no m in font nullfont!
Missing character: There is no a in font nullfont!
Missing character: There is no l in font nullfont!
Missing character: There is no d in font nullfont!
Missing character: There is no i in font nullfont!
Missing character: There is no g in font nullfont!
Missing character: There is no i in font nullfont!
Missing character: There is no t in font nullfont!
Missing character: There is no s in font nullfont!
Missing character: There is no o in font nullfont!
Missing character: There is no f in font nullfont!
! Undefined control sequence.
<recently read> \nl 
                    
l.28 \nl
        \  $low(a)$ = take the last $m_2$ decimal digits of $a$\\
The control sequence at the end of the top line
of your error message was never \def'ed. If you have
misspelled it (e.g., `\hobx'), type `I' and the correct
spelling (e.g., `I\hbox'). Otherwise just continue,
and I'll forget about whatever was undefined.

Missing character: There is no = in font nullfont!
Missing character: There is no t in font nullfont!
Missing character: There is no a in font nullfont!
Missing character: There is no k in font nullfont!
Missing character: There is no e in font nullfont!
Missing character: There is no t in font nullfont!
Missing character: There is no h in font nullfont!
Missing character: There is no e in font nullfont!
Missing character: There is no l in font nullfont!
Missing character: There is no a in font nullfont!
Missing character: There is no s in font nullfont!
Missing character: There is no t in font nullfont!
Missing character: There is no d in font nullfont!
Missing character: There is no e in font nullfont!
Missing character: There is no c in font nullfont!
Missing character: There is no i in font nullfont!
Missing character: There is no m in font nullfont!
Missing character: There is no a in font nullfont!
Missing character: There is no l in font nullfont!
Missing character: There is no d in font nullfont!
Missing character: There is no i in font nullfont!
Missing character: There is no g in font nullfont!
Missing character: There is no i in font nullfont!
Missing character: There is no t in font nullfont!
Missing character: There is no s in font nullfont!
Missing character: There is no o in font nullfont!
Missing character: There is no f in font nullfont!
! Undefined control sequence.
<recently read> \nl 
                    
l.29 \nl
        \  $high(b)$ = take the first $m_2$ decimal digits of $b$\\
The control sequence at the end of the top line
of your error message was never \def'ed. If you have
misspelled it (e.g., `\hobx'), type `I' and the correct
spelling (e.g., `I\hbox'). Otherwise just continue,
and I'll forget about whatever was undefined.

Missing character: There is no = in font nullfont!
Missing character: There is no t in font nullfont!
Missing character: There is no a in font nullfont!
Missing character: There is no k in font nullfont!
Missing character: There is no e in font nullfont!
Missing character: There is no t in font nullfont!
Missing character: There is no h in font nullfont!
Missing character: There is no e in font nullfont!
Missing character: There is no f in font nullfont!
Missing character: There is no i in font nullfont!
Missing character: There is no r in font nullfont!
Missing character: There is no s in font nullfont!
Missing character: There is no t in font nullfont!
Missing character: There is no d in font nullfont!
Missing character: There is no e in font nullfont!
Missing character: There is no c in font nullfont!
Missing character: There is no i in font nullfont!
Missing character: There is no m in font nullfont!
Missing character: There is no a in font nullfont!
Missing character: There is no l in font nullfont!
Missing character: There is no d in font nullfont!
Missing character: There is no i in font nullfont!
Missing character: There is no g in font nullfont!
Missing character: There is no i in font nullfont!
Missing character: There is no t in font nullfont!
Missing character: There is no s in font nullfont!
Missing character: There is no o in font nullfont!
Missing character: There is no f in font nullfont!
! Undefined control sequence.
<recently read> \nl 
                    
l.30 \nl
        \  $low(b)$ = take the last $m_2$ decimal digits of $b$\\
The control sequence at the end of the top line
of your error message was never \def'ed. If you have
misspelled it (e.g., `\hobx'), type `I' and the correct
spelling (e.g., `I\hbox'). Otherwise just continue,
and I'll forget about whatever was undefined.

Missing character: There is no = in font nullfont!
Missing character: There is no t in font nullfont!
Missing character: There is no a in font nullfont!
Missing character: There is no k in font nullfont!
Missing character: There is no e in font nullfont!
Missing character: There is no t in font nullfont!
Missing character: There is no h in font nullfont!
Missing character: There is no e in font nullfont!
Missing character: There is no l in font nullfont!
Missing character: There is no a in font nullfont!
Missing character: There is no s in font nullfont!
Missing character: There is no t in font nullfont!
Missing character: There is no d in font nullfont!
Missing character: There is no e in font nullfont!
Missing character: There is no c in font nullfont!
Missing character: There is no i in font nullfont!
Missing character: There is no m in font nullfont!
Missing character: There is no a in font nullfont!
Missing character: There is no l in font nullfont!
Missing character: There is no d in font nullfont!
Missing character: There is no i in font nullfont!
Missing character: There is no g in font nullfont!
Missing character: There is no i in font nullfont!
Missing character: There is no t in font nullfont!
Missing character: There is no s in font nullfont!
Missing character: There is no o in font nullfont!
Missing character: There is no f in font nullfont!
! Undefined control sequence.
<recently read> \nl 
                    
l.31 \nl
        \  $z_0$ = karatsuba($low(a),low(b)$)\\
The control sequence at the end of the top line
of your error message was never \def'ed. If you have
misspelled it (e.g., `\hobx'), type `I' and the correct
spelling (e.g., `I\hbox'). Otherwise just continue,
and I'll forget about whatever was undefined.

Missing character: There is no = in font nullfont!
Missing character: There is no k in font nullfont!
Missing character: There is no a in font nullfont!
Missing character: There is no r in font nullfont!
Missing character: There is no a in font nullfont!
Missing character: There is no t in font nullfont!
Missing character: There is no s in font nullfont!
Missing character: There is no u in font nullfont!
Missing character: There is no b in font nullfont!
Missing character: There is no a in font nullfont!
Missing character: There is no ( in font nullfont!
Missing character: There is no ) in font nullfont!
! Undefined control sequence.
<recently read> \nl 
                    
l.32 \nl
        \  $z_1$ = karatsuba(($low(a)+high(a)),(low(b)+high(b)$))\\
The control sequence at the end of the top line
of your error message was never \def'ed. If you have
misspelled it (e.g., `\hobx'), type `I' and the correct
spelling (e.g., `I\hbox'). Otherwise just continue,
and I'll forget about whatever was undefined.

Missing character: There is no = in font nullfont!
Missing character: There is no k in font nullfont!
Missing character: There is no a in font nullfont!
Missing character: There is no r in font nullfont!
Missing character: There is no a in font nullfont!
Missing character: There is no t in font nullfont!
Missing character: There is no s in font nullfont!
Missing character: There is no u in font nullfont!
Missing character: There is no b in font nullfont!
Missing character: There is no a in font nullfont!
Missing character: There is no ( in font nullfont!
Missing character: There is no ( in font nullfont!
Missing character: There is no ) in font nullfont!
Missing character: There is no ) in font nullfont!
! Undefined control sequence.
<recently read> \nl 
                    
l.33 \nl
        \  $z_2$ = karatsuba($high(a),high(b)$)\\
The control sequence at the end of the top line
of your error message was never \def'ed. If you have
misspelled it (e.g., `\hobx'), type `I' and the correct
spelling (e.g., `I\hbox'). Otherwise just continue,
and I'll forget about whatever was undefined.

Missing character: There is no = in font nullfont!
Missing character: There is no k in font nullfont!
Missing character: There is no a in font nullfont!
Missing character: There is no r in font nullfont!
Missing character: There is no a in font nullfont!
Missing character: There is no t in font nullfont!
Missing character: There is no s in font nullfont!
Missing character: There is no u in font nullfont!
Missing character: There is no b in font nullfont!
Missing character: There is no a in font nullfont!
Missing character: There is no ( in font nullfont!
Missing character: There is no ) in font nullfont!
! Undefined control sequence.
<recently read> \nl 
                    
l.34 \nl
          print $(z_2\cdot 10^{2m_2}+(z1-z2-z0)\cdot 10^{m_2}+z_0$}}
The control sequence at the end of the top line
of your error message was never \def'ed. If you have
misspelled it (e.g., `\hobx'), type `I' and the correct
spelling (e.g., `I\hbox'). Otherwise just continue,
and I'll forget about whatever was undefined.

Missing character: There is no p in font nullfont!
Missing character: There is no r in font nullfont!
Missing character: There is no i in font nullfont!
Missing character: There is no n in font nullfont!
Missing character: There is no t in font nullfont!

! LaTeX Error: \begin{document} ended by \end{algorithm}.

See the LaTeX manual or LaTeX Companion for explanation.
Type  H <return>  for immediate help.
 ...                                              
                                                  
l.36 \end{algorithm}
                    
Your command was ignored.
Type  I <command> <return>  to replace it with another command,
or  <return>  to continue without it.


Overfull \hbox (20.0pt too wide) in paragraph at lines 13--37
[]
 []


Overfull \hbox (14.02196pt too wide) in paragraph at lines 13--37
\OML/cmm/m/it/10 a; b$ 
 []


Overfull \hbox (8.06367pt too wide) in paragraph at lines 13--37
\OML/cmm/m/it/10 a \OMS/cmsy/m/n/10 ^^A
 []


Overfull \hbox (4.29166pt too wide) in paragraph at lines 13--37
\OML/cmm/m/it/10 b$
 []


Overfull \hbox (15.8414pt too wide) in paragraph at lines 13--37
\OML/cmm/m/it/10 a <
 []


Overfull \hbox (15.00005pt too wide) in paragraph at lines 13--37
\OT1/cmr/m/n/10 100$
 []


Overfull \hbox (14.84717pt too wide) in paragraph at lines 13--37
\OML/cmm/m/it/10 b <
 []


Overfull \hbox (15.00005pt too wide) in paragraph at lines 13--37
\OT1/cmr/m/n/10 100$
 []


Overfull \hbox (8.06367pt too wide) in paragraph at lines 13--37
\OML/cmm/m/it/10 a \OMS/cmsy/m/n/10 ^^A
 []


Overfull \hbox (4.29166pt too wide) in paragraph at lines 13--37
\OML/cmm/m/it/10 b$
 []


Overfull \hbox (19.33565pt too wide) in paragraph at lines 13--37
\OML/cmm/m/it/10 m \OT1/cmr/m/n/10 =
 []


Overfull \hbox (98.74443pt too wide) in paragraph at lines 13--37
[]\OT1/cmr/m/n/10 ([][](\OML/cmm/m/it/10 a\OT1/cmr/m/n/10 )\OML/cmm/m/it/10 ; [
][]\OT1/cmr/m/n/10 (\OML/cmm/m/it/10 b\OT1/cmr/m/n/10 ))$ 
 []


Overfull \hbox (23.82178pt too wide) in paragraph at lines 13--37
\OML/cmm/m/it/10 m[] \OT1/cmr/m/n/10 =
 []


Overfull \hbox (50.19463pt too wide) in paragraph at lines 13--37
\OML/cmm/m/it/10 floor\OT1/cmr/m/n/10 (\OML/cmm/m/it/10 m=\OT1/cmr/m/n/10 2)$ 
 []


Overfull \hbox (33.16045pt too wide) in paragraph at lines 13--37
\OML/cmm/m/it/10 high\OT1/cmr/m/n/10 (\OML/cmm/m/it/10 a\OT1/cmr/m/n/10 )$
 []


Overfull \hbox (13.26627pt too wide) in paragraph at lines 13--37
\OML/cmm/m/it/10 m[]$
 []


Overfull \hbox (5.28589pt too wide) in paragraph at lines 13--37
\OML/cmm/m/it/10 a$ 
 []


Overfull \hbox (28.51974pt too wide) in paragraph at lines 13--37
\OML/cmm/m/it/10 low\OT1/cmr/m/n/10 (\OML/cmm/m/it/10 a\OT1/cmr/m/n/10 )$
 []


Overfull \hbox (13.26627pt too wide) in paragraph at lines 13--37
\OML/cmm/m/it/10 m[]$
 []


Overfull \hbox (5.28589pt too wide) in paragraph at lines 13--37
\OML/cmm/m/it/10 a$ 
 []


Overfull \hbox (32.16621pt too wide) in paragraph at lines 13--37
\OML/cmm/m/it/10 high\OT1/cmr/m/n/10 (\OML/cmm/m/it/10 b\OT1/cmr/m/n/10 )$
 []


Overfull \hbox (13.26627pt too wide) in paragraph at lines 13--37
\OML/cmm/m/it/10 m[]$
 []


Overfull \hbox (4.29166pt too wide) in paragraph at lines 13--37
\OML/cmm/m/it/10 b$ 
 []


Overfull \hbox (27.52551pt too wide) in paragraph at lines 13--37
\OML/cmm/m/it/10 low\OT1/cmr/m/n/10 (\OML/cmm/m/it/10 b\OT1/cmr/m/n/10 )$
 []


Overfull \hbox (13.26627pt too wide) in paragraph at lines 13--37
\OML/cmm/m/it/10 m[]$
 []


Overfull \hbox (4.29166pt too wide) in paragraph at lines 13--37
\OML/cmm/m/it/10 b$ 
 []


Overfull \hbox (9.13663pt too wide) in paragraph at lines 13--37
\OML/cmm/m/it/10 z[]$
 []


Overfull \hbox (60.48967pt too wide) in paragraph at lines 13--37
\OML/cmm/m/it/10 low\OT1/cmr/m/n/10 (\OML/cmm/m/it/10 a\OT1/cmr/m/n/10 )\OML/cm
m/m/it/10 ; low\OT1/cmr/m/n/10 (\OML/cmm/m/it/10 b\OT1/cmr/m/n/10 )$ 
 []


Overfull \hbox (9.13663pt too wide) in paragraph at lines 13--37
\OML/cmm/m/it/10 z[]$
 []


Overfull \hbox (36.29755pt too wide) in paragraph at lines 13--37
\OML/cmm/m/it/10 low\OT1/cmr/m/n/10 (\OML/cmm/m/it/10 a\OT1/cmr/m/n/10 ) +
 []


Overfull \hbox (80.68597pt too wide) in paragraph at lines 13--37
\OML/cmm/m/it/10 high\OT1/cmr/m/n/10 (\OML/cmm/m/it/10 a\OT1/cmr/m/n/10 ))\OML/
cmm/m/it/10 ; \OT1/cmr/m/n/10 (\OML/cmm/m/it/10 low\OT1/cmr/m/n/10 (\OML/cmm/m/
it/10 b\OT1/cmr/m/n/10 ) +
 []


Overfull \hbox (32.16621pt too wide) in paragraph at lines 13--37
\OML/cmm/m/it/10 high\OT1/cmr/m/n/10 (\OML/cmm/m/it/10 b\OT1/cmr/m/n/10 )$ 
 []


Overfull \hbox (9.13663pt too wide) in paragraph at lines 13--37
\OML/cmm/m/it/10 z[]$
 []


Overfull \hbox (69.77107pt too wide) in paragraph at lines 13--37
\OML/cmm/m/it/10 high\OT1/cmr/m/n/10 (\OML/cmm/m/it/10 a\OT1/cmr/m/n/10 )\OML/c
mm/m/it/10 ; high\OT1/cmr/m/n/10 (\OML/cmm/m/it/10 b\OT1/cmr/m/n/10 )$ 
 []


Overfull \hbox (15.80331pt too wide) in paragraph at lines 13--37
\OT1/cmr/m/n/10 (\OML/cmm/m/it/10 z[] \OMS/cmsy/m/n/10 ^^A
 []


Overfull \hbox (33.26291pt too wide) in paragraph at lines 13--37
\OT1/cmr/m/n/10 10[] +
 []


Overfull \hbox (21.75702pt too wide) in paragraph at lines 13--37
\OT1/cmr/m/n/10 (\OML/cmm/m/it/10 z\OT1/cmr/m/n/10 1 \OMS/cmsy/m/n/10 ^^@
 []


Overfull \hbox (17.86812pt too wide) in paragraph at lines 13--37
\OML/cmm/m/it/10 z\OT1/cmr/m/n/10 2 \OMS/cmsy/m/n/10 ^^@
 []


Overfull \hbox (16.757pt too wide) in paragraph at lines 13--37
\OML/cmm/m/it/10 z\OT1/cmr/m/n/10 0) \OMS/cmsy/m/n/10 ^^A
 []


Overfull \hbox (29.27678pt too wide) in paragraph at lines 13--37
\OT1/cmr/m/n/10 10[] +
 []


Overfull \hbox (9.13663pt too wide) in paragraph at lines 13--37
\OML/cmm/m/it/10 z[]$
 []

)
! Emergency stop.
<*> chapter_3.tex
                 
*** (job aborted, no legal \end found)

 
Here is how much of TeX's memory you used:
 16 strings out of 493013
 240 string characters out of 6135683
 55282 words of memory out of 5000000
 3659 multiletter control sequences out of 15000+600000
 3948 words of font info for 15 fonts, out of 8000000 for 9000
 1141 hyphenation exceptions out of 8191
 20i,2n,26p,374b,93s stack positions out of 5000i,500n,10000p,200000b,80000s
!  ==> Fatal error occurred, no output PDF file produced!
